2022-10-04 21:08:25 Loading main app package /usr/lib/obsidian/obsidian.asar
2022-10-04 21:08:25 Checking for update using Github
2022-10-04 21:08:25 Success.
2022-10-04 21:08:25 Latest version is 0.15.9
2022-10-04 21:08:25 App is up to date.
2022-10-04 21:10:58 Loading main app package /usr/lib/obsidian/obsidian.asar
2022-10-04 21:10:58 Checking for update using Github
2022-10-04 21:10:58 Success.
2022-10-04 21:10:58 Latest version is 0.15.9
2022-10-04 21:10:58 App is up to date.
2022-10-04 21:11:21 Loading main app package /usr/lib/obsidian/obsidian.asar
2022-10-04 21:11:21 Checking for update using Github
2022-10-04 21:11:22 Success.
2022-10-04 21:11:22 Latest version is 0.15.9
2022-10-04 21:11:22 App is up to date.
2022-10-04 21:11:32 Loading main app package /usr/lib/obsidian/obsidian.asar
2022-10-04 21:11:32 Checking for update using Github
2022-10-04 21:11:32 Success.
2022-10-04 21:11:32 Latest version is 0.15.9
2022-10-04 21:11:32 App is up to date.
2022-10-04 21:13:10 Loading main app package /usr/lib/obsidian/obsidian.asar
2022-10-04 21:13:10 Checking for update using Github
2022-10-04 21:13:10 Success.
2022-10-04 21:13:10 Latest version is 0.15.9
2022-10-04 21:13:10 App is up to date.
2022-10-04 21:14:33 Loading main app package /usr/lib/obsidian/obsidian.asar
2022-10-04 21:14:33 Checking for update using Github
2022-10-04 21:14:33 Success.
2022-10-04 21:14:33 Latest version is 0.15.9
2022-10-04 21:14:33 App is up to date.
2022-10-05 07:49:18 Loading main app package /usr/lib/obsidian/obsidian.asar
2022-10-05 07:49:18 Checking for update using Github
2022-10-05 07:49:18 Success.
2022-10-05 07:49:18 Latest version is 0.15.9
2022-10-05 07:49:18 App is up to date.
2022-10-05 07:51:26 Loading main app package /usr/lib/obsidian/obsidian.asar
2022-10-05 07:51:27 Checking for update using Github
2022-10-05 07:51:27 Success.
2022-10-05 07:51:27 Latest version is 0.15.9
2022-10-05 07:51:27 App is up to date.
2022-10-05 07:54:49 Loading main app package /usr/lib/obsidian/obsidian.asar
2022-10-05 07:54:49 Checking for update using Github
2022-10-05 07:54:50 Success.
2022-10-05 07:54:50 Latest version is 0.15.9
2022-10-05 07:54:50 App is up to date.
2022-10-05 09:07:10 Loading main app package /usr/lib/obsidian/obsidian.asar
2022-10-05 09:07:10 Checking for update using Github
2022-10-05 09:07:10 Failed to check for update using Github (net::ERR_NAME_NOT_RESOLVED)
2022-10-05 09:07:10 Checking for update using obsidian.md
2022-10-05 09:07:10 Failed to check for update using obsidian.md (net::ERR_NAME_NOT_RESOLVED)
2022-10-05 10:07:10 Checking for update using Github
2022-10-05 10:07:10 Success.
2022-10-05 10:07:10 Latest version is 0.15.9
2022-10-05 10:07:10 App is up to date.
2022-10-05 14:12:02 Loading main app package /usr/lib/obsidian/obsidian.asar
2022-10-05 14:12:02 Checking for update using Github
2022-10-05 14:12:02 Success.
2022-10-05 14:12:02 Latest version is 0.15.9
2022-10-05 14:12:02 App is up to date.
2022-10-05 14:12:25 Loading main app package /usr/lib/obsidian/obsidian.asar
2022-10-05 14:12:26 Checking for update using Github
2022-10-05 14:12:26 Success.
2022-10-05 14:12:26 Latest version is 0.15.9
2022-10-05 14:12:26 App is up to date.
2022-10-05 14:44:40 Loading main app package /usr/lib/obsidian/obsidian.asar
2022-10-05 14:44:41 Checking for update using Github
2022-10-05 14:44:41 Success.
2022-10-05 14:44:41 Latest version is 0.15.9
2022-10-05 14:44:41 App is up to date.
2022-10-05 15:44:40 Checking for update using Github
2022-10-05 15:44:40 Failed to check for update using Github (net::ERR_CONNECTION_CLOSED)
2022-10-05 15:44:40 Checking for update using obsidian.md
2022-10-05 15:44:45 Failed to check for update using obsidian.md (net::ERR_QUIC_PROTOCOL_ERROR)
2022-10-10 12:10:41 Loading main app package /usr/lib/obsidian/obsidian.asar
2022-10-10 12:10:42 Checking for update using Github
2022-10-10 12:10:42 Failed to check for update using Github (net::ERR_NAME_NOT_RESOLVED)
2022-10-10 12:10:42 Checking for update using obsidian.md
2022-10-10 12:10:42 Failed to check for update using obsidian.md (net::ERR_NAME_NOT_RESOLVED)
2022-10-10 13:10:41 Checking for update using Github
2022-10-10 13:10:42 Success.
2022-10-10 13:10:42 Latest version is 0.15.9
2022-10-10 13:10:42 App is up to date.
2022-10-10 13:18:01 Loading main app package /usr/lib/obsidian/obsidian.asar
2022-10-10 13:18:02 Checking for update using Github
2022-10-10 13:18:02 Success.
2022-10-10 13:18:02 Latest version is 0.15.9
2022-10-10 13:18:02 App is up to date.
2022-10-10 14:24:54 Loading main app package /usr/lib/obsidian/obsidian.asar
2022-10-10 14:24:55 Checking for update using Github
2022-10-10 14:24:55 Failed to check for update using Github (net::ERR_CONNECTION_CLOSED)
2022-10-10 14:24:55 Checking for update using obsidian.md
2022-10-10 14:24:55 Failed to check for update using obsidian.md (net::ERR_CONNECTION_CLOSED)
2022-10-10 16:11:17 Checking for update using Github
2022-10-10 16:11:17 Failed to check for update using Github (net::ERR_CONNECTION_CLOSED)
2022-10-10 16:11:17 Checking for update using obsidian.md
2022-10-10 16:11:17 Failed to check for update using obsidian.md (net::ERR_CONNECTION_CLOSED)
2022-10-11 07:15:35 Loading main app package /usr/lib/obsidian/obsidian.asar
2022-10-11 07:15:35 Checking for update using Github
2022-10-11 07:15:41 Success.
2022-10-11 07:15:41 Latest version is 0.15.9
2022-10-11 07:15:41 App is up to date.
2022-10-11 08:15:35 Checking for update using Github
2022-10-11 08:15:35 Success.
2022-10-11 08:15:35 Latest version is 0.15.9
2022-10-11 08:15:35 App is up to date.
